2012/04/19 12:49:29 [error] [exception.CDbException] SQLSTATE[42000] [1049] Unknown database 'blog'
2012/04/19 12:49:30 [error] [exception.CDbException] exception 'CDbException' with message 'CDbConnection failed to open the DB connection.' in D:\inetpub\htdocs\test-task\yii\framework\db\CDbConnection.php:388
Stack trace:
#0 D:\inetpub\htdocs\test-task\yii\framework\db\CDbConnection.php(331): CDbConnection->open()
#1 D:\inetpub\htdocs\test-task\yii\framework\db\CDbConnection.php(309): CDbConnection->setActive(true)
#2 D:\inetpub\htdocs\test-task\yii\framework\base\CModule.php(388): CDbConnection->init()
#3 D:\inetpub\htdocs\test-task\yii\framework\base\CApplication.php(431): CModule->getComponent('db')
#4 D:\inetpub\htdocs\test-task\yii\framework\db\ar\CActiveRecord.php(615): CApplication->getDb()
#5 D:\inetpub\htdocs\test-task\yii\framework\db\ar\CActiveRecord.php(2263): CActiveRecord->getDbConnection()
#6 D:\inetpub\htdocs\test-task\yii\framework\db\ar\CActiveRecord.php(379): CActiveRecordMetaData->__construct(Object(Post))
#7 D:\inetpub\htdocs\test-task\yii\framework\web\CActiveDataProvider.php(75): CActiveRecord::model('Post')
#8 D:\inetpub\htdocs\test-task\yii\demos\blog\protected\controllers\PostController.php(132): CActiveDataProvider->__construct('Post', Array)
#9 D:\inetpub\htdocs\test-task\yii\framework\web\actions\CInlineAction.php(50): PostController->actionIndex()
#10 D:\inetpub\htdocs\test-task\yii\framework\web\CController.php(309): CInlineAction->runWithParams(Array)
#11 D:\inetpub\htdocs\test-task\yii\framework\web\filters\CFilterChain.php(134): CController->runAction(Object(CInlineAction))
#12 D:\inetpub\htdocs\test-task\yii\framework\web\filters\CFilter.php(41): CFilterChain->run()
#13 D:\inetpub\htdocs\test-task\yii\framework\web\CController.php(1146): CFilter->filter(Object(CFilterChain))
#14 D:\inetpub\htdocs\test-task\yii\framework\web\filters\CInlineFilter.php(59): CController->filterAccessControl(Object(CFilterChain))
#15 D:\inetpub\htdocs\test-task\yii\framework\web\filters\CFilterChain.php(131): CInlineFilter->filter(Object(CFilterChain))
#16 D:\inetpub\htdocs\test-task\yii\framework\web\CController.php(292): CFilterChain->run()
#17 D:\inetpub\htdocs\test-task\yii\framework\web\CController.php(266): CController->runActionWithFilters(Object(CInlineAction), Array)
#18 D:\inetpub\htdocs\test-task\yii\framework\web\CWebApplication.php(276): CController->run('index')
#19 D:\inetpub\htdocs\test-task\yii\framework\web\CWebApplication.php(135): CWebApplication->runController('post/index')
#20 D:\inetpub\htdocs\test-task\yii\framework\base\CApplication.php(162): CWebApplication->processRequest()
#21 D:\inetpub\htdocs\test-task\yii\demos\blog\index.php(11): CApplication->run()
#22 {main}
REQUEST_URI=/test-task/yii/demos/blog/index.php/post/index
---
2012/09/17 13:04:31 [error] [exception.CHttpException.404] exception 'CHttpException' with message 'Unable to resolve the request "gii".' in C:\xampp\htdocs\blog-chat\framework\web\CWebApplication.php:280
Stack trace:
#0 C:\xampp\htdocs\blog-chat\framework\web\CWebApplication.php(135): CWebApplication->runController('gii')
#1 C:\xampp\htdocs\blog-chat\framework\base\CApplication.php(162): CWebApplication->processRequest()
#2 C:\xampp\htdocs\blog-chat\index.php(11): CApplication->run()
#3 {main}
REQUEST_URI=/blog-chat/index.php/gii
---
2012/09/17 13:05:18 [error] [exception.CHttpException.404] exception 'CHttpException' with message 'Unable to resolve the request "gii".' in C:\xampp\htdocs\blog-chat\framework\web\CWebApplication.php:280
Stack trace:
#0 C:\xampp\htdocs\blog-chat\framework\web\CWebApplication.php(135): CWebApplication->runController('gii')
#1 C:\xampp\htdocs\blog-chat\framework\base\CApplication.php(162): CWebApplication->processRequest()
#2 C:\xampp\htdocs\blog-chat\index.php(11): CApplication->run()
#3 {main}
REQUEST_URI=/blog-chat/index.php/gii
---
2012/09/17 13:05:20 [error] [exception.CHttpException.404] exception 'CHttpException' with message 'Unable to resolve the request "gii".' in C:\xampp\htdocs\blog-chat\framework\web\CWebApplication.php:280
Stack trace:
#0 C:\xampp\htdocs\blog-chat\framework\web\CWebApplication.php(135): CWebApplication->runController('gii')
#1 C:\xampp\htdocs\blog-chat\framework\base\CApplication.php(162): CWebApplication->processRequest()
#2 C:\xampp\htdocs\blog-chat\index.php(11): CApplication->run()
#3 {main}
REQUEST_URI=/blog-chat/index.php/gii
---
2012/09/17 13:11:58 [error] [exception.CHttpException.404] exception 'CHttpException' with message 'Unable to resolve the request "gii".' in C:\xampp\htdocs\blog-chat\framework\web\CWebApplication.php:280
Stack trace:
#0 C:\xampp\htdocs\blog-chat\framework\web\CWebApplication.php(135): CWebApplication->runController('gii')
#1 C:\xampp\htdocs\blog-chat\framework\base\CApplication.php(162): CWebApplication->processRequest()
#2 C:\xampp\htdocs\blog-chat\index.php(11): CApplication->run()
#3 {main}
REQUEST_URI=/blog-chat/index.php/gii
---
2012/09/17 13:12:57 [error] [exception.CHttpException.404] exception 'CHttpException' with message 'Unable to resolve the request "gii".' in C:\xampp\htdocs\blog-chat\framework\web\CWebApplication.php:280
Stack trace:
#0 C:\xampp\htdocs\blog-chat\framework\web\CWebApplication.php(135): CWebApplication->runController('gii')
#1 C:\xampp\htdocs\blog-chat\framework\base\CApplication.php(162): CWebApplication->processRequest()
#2 C:\xampp\htdocs\blog-chat\index.php(11): CApplication->run()
#3 {main}
REQUEST_URI=/blog-chat/index.php/gii
---
2012/09/17 13:12:58 [error] [exception.CHttpException.404] exception 'CHttpException' with message 'Unable to resolve the request "gii".' in C:\xampp\htdocs\blog-chat\framework\web\CWebApplication.php:280
Stack trace:
#0 C:\xampp\htdocs\blog-chat\framework\web\CWebApplication.php(135): CWebApplication->runController('gii')
#1 C:\xampp\htdocs\blog-chat\framework\base\CApplication.php(162): CWebApplication->processRequest()
#2 C:\xampp\htdocs\blog-chat\index.php(11): CApplication->run()
#3 {main}
REQUEST_URI=/blog-chat/index.php/gii
---
2012/09/17 13:13:25 [error] [exception.CHttpException.404] exception 'CHttpException' with message 'Unable to resolve the request "gii".' in C:\xampp\htdocs\blog-chat\framework\web\CWebApplication.php:280
Stack trace:
#0 C:\xampp\htdocs\blog-chat\framework\web\CWebApplication.php(135): CWebApplication->runController('gii')
#1 C:\xampp\htdocs\blog-chat\framework\base\CApplication.php(162): CWebApplication->processRequest()
#2 C:\xampp\htdocs\blog-chat\index.php(11): CApplication->run()
#3 {main}
REQUEST_URI=/blog-chat/index.php/gii
---
2012/09/17 13:13:26 [error] [exception.CHttpException.404] exception 'CHttpException' with message 'Unable to resolve the request "gii".' in C:\xampp\htdocs\blog-chat\framework\web\CWebApplication.php:280
Stack trace:
#0 C:\xampp\htdocs\blog-chat\framework\web\CWebApplication.php(135): CWebApplication->runController('gii')
#1 C:\xampp\htdocs\blog-chat\framework\base\CApplication.php(162): CWebApplication->processRequest()
#2 C:\xampp\htdocs\blog-chat\index.php(11): CApplication->run()
#3 {main}
REQUEST_URI=/blog-chat/index.php/gii
---
2012/09/17 13:13:59 [error] [exception.CHttpException.404] exception 'CHttpException' with message 'Unable to resolve the request "gii".' in C:\xampp\htdocs\blog-chat\framework\web\CWebApplication.php:280
Stack trace:
#0 C:\xampp\htdocs\blog-chat\framework\web\CWebApplication.php(135): CWebApplication->runController('gii')
#1 C:\xampp\htdocs\blog-chat\framework\base\CApplication.php(162): CWebApplication->processRequest()
#2 C:\xampp\htdocs\blog-chat\index.php(11): CApplication->run()
#3 {main}
REQUEST_URI=/blog-chat/index.php/gii
---
2012/09/17 13:36:35 [error] [exception.CHttpException.404] exception 'CHttpException' with message 'Unable to resolve the request "user/admin".' in C:\xampp\htdocs\blog-chat\framework\web\CWebApplication.php:280
Stack trace:
#0 C:\xampp\htdocs\blog-chat\framework\web\CWebApplication.php(135): CWebApplication->runController('user/admin')
#1 C:\xampp\htdocs\blog-chat\framework\base\CApplication.php(162): CWebApplication->processRequest()
#2 C:\xampp\htdocs\blog-chat\index.php(11): CApplication->run()
#3 {main}
REQUEST_URI=/blog-chat/index.php/user/admin
---
2012/09/17 13:36:42 [error] [exception.CHttpException.404] exception 'CHttpException' with message 'Unable to resolve the request "user".' in C:\xampp\htdocs\blog-chat\framework\web\CWebApplication.php:280
Stack trace:
#0 C:\xampp\htdocs\blog-chat\framework\web\CWebApplication.php(135): CWebApplication->runController('user')
#1 C:\xampp\htdocs\blog-chat\framework\base\CApplication.php(162): CWebApplication->processRequest()
#2 C:\xampp\htdocs\blog-chat\index.php(11): CApplication->run()
#3 {main}
REQUEST_URI=/blog-chat/index.php/user/
---
2012/09/17 13:56:36 [error] [exception.CHttpException.404] exception 'CHttpException' with message 'Unable to resolve the request "chat/index".' in C:\xampp\htdocs\blog-chat\framework\web\CWebApplication.php:280
Stack trace:
#0 C:\xampp\htdocs\blog-chat\framework\web\CWebApplication.php(135): CWebApplication->runController('chat/index')
#1 C:\xampp\htdocs\blog-chat\framework\base\CApplication.php(162): CWebApplication->processRequest()
#2 C:\xampp\htdocs\blog-chat\index.php(11): CApplication->run()
#3 {main}
REQUEST_URI=/blog-chat/index.php/chat/index
---
2012/09/17 13:59:10 [error] [exception.CHttpException.404] exception 'CHttpException' with message 'Unable to resolve the request "chat/create".' in C:\xampp\htdocs\blog-chat\framework\web\CWebApplication.php:280
Stack trace:
#0 C:\xampp\htdocs\blog-chat\framework\web\CWebApplication.php(135): CWebApplication->runController('chat/create')
#1 C:\xampp\htdocs\blog-chat\framework\base\CApplication.php(162): CWebApplication->processRequest()
#2 C:\xampp\htdocs\blog-chat\index.php(11): CApplication->run()
#3 {main}
REQUEST_URI=/blog-chat/index.php/chat/create
---
2012/09/17 14:17:19 [error] [exception.CException] exception 'CException' with message 'Alias "applocation.modules.chat.models.Message" is invalid. Make sure it points to an existing directory or file.' in C:\xampp\htdocs\blog-chat\framework\YiiBase.php:343
Stack trace:
#0 C:\xampp\htdocs\blog-chat\framework\gii\generators\form\FormCode.php(58): YiiBase::import('applocation.mod...', true)
#1 C:\xampp\htdocs\blog-chat\framework\validators\CInlineValidator.php(43): FormCode->validateModel('model', Array)
#2 C:\xampp\htdocs\blog-chat\framework\validators\CValidator.php(197): CInlineValidator->validateAttribute(Object(FormCode), 'model')
#3 C:\xampp\htdocs\blog-chat\framework\base\CModel.php(158): CValidator->validate(Object(FormCode), NULL)
#4 C:\xampp\htdocs\blog-chat\framework\gii\CCodeGenerator.php(158): CModel->validate()
#5 C:\xampp\htdocs\blog-chat\framework\gii\CCodeGenerator.php(64): CCodeGenerator->prepare()
#6 C:\xampp\htdocs\blog-chat\framework\web\actions\CInlineAction.php(50): CCodeGenerator->actionIndex()
#7 C:\xampp\htdocs\blog-chat\framework\web\CController.php(309): CInlineAction->runWithParams(Array)
#8 C:\xampp\htdocs\blog-chat\framework\web\CController.php(287): CController->runAction(Object(CInlineAction))
#9 C:\xampp\htdocs\blog-chat\framework\web\CController.php(266): CController->runActionWithFilters(Object(CInlineAction), Array)
#10 C:\xampp\htdocs\blog-chat\framework\web\CWebApplication.php(276): CController->run('')
#11 C:\xampp\htdocs\blog-chat\framework\web\CWebApplication.php(135): CWebApplication->runController('gii/form')
#12 C:\xampp\htdocs\blog-chat\framework\base\CApplication.php(162): CWebApplication->processRequest()
#13 C:\xampp\htdocs\blog-chat\index.php(11): CApplication->run()
#14 {main}
REQUEST_URI=/blog-chat/index.php/gii/form
HTTP_REFERER=http://localhost/blog-chat/index.php/gii/form
---
2012/09/17 14:43:15 [error] [exception.CException] exception 'CException' with message 'Alias "applcation.modules.chat.components.PopupChat" is invalid. Make sure it points to an existing directory or file.' in C:\xampp\htdocs\blog-chat\framework\YiiBase.php:343
Stack trace:
#0 C:\xampp\htdocs\blog-chat\framework\web\CWidgetFactory.php(147): YiiBase::import('applcation.modu...', true)
#1 C:\xampp\htdocs\blog-chat\framework\web\CBaseController.php(147): CWidgetFactory->createWidget(Object(PostController), 'applcation.modu...', Array)
#2 C:\xampp\htdocs\blog-chat\framework\web\CBaseController.php(173): CBaseController->createWidget('applcation.modu...', Array)
#3 C:\xampp\htdocs\blog-chat\protected\views\layouts\column2.php(21): CBaseController->widget('applcation.modu...')
#4 C:\xampp\htdocs\blog-chat\framework\web\CBaseController.php(127): require('C:\xampp\htdocs...')
#5 C:\xampp\htdocs\blog-chat\framework\web\CBaseController.php(96): CBaseController->renderInternal('C:\xampp\htdocs...', Array, true)
#6 C:\xampp\htdocs\blog-chat\framework\web\CController.php(785): CBaseController->renderFile('C:\xampp\htdocs...', Array, true)
#7 C:\xampp\htdocs\blog-chat\protected\controllers\PostController.php(136): CController->render('index', Array)
#8 C:\xampp\htdocs\blog-chat\framework\web\actions\CInlineAction.php(50): PostController->actionIndex()
#9 C:\xampp\htdocs\blog-chat\framework\web\CController.php(309): CInlineAction->runWithParams(Array)
#10 C:\xampp\htdocs\blog-chat\framework\web\filters\CFilterChain.php(134): CController->runAction(Object(CInlineAction))
#11 C:\xampp\htdocs\blog-chat\framework\web\filters\CFilter.php(41): CFilterChain->run()
#12 C:\xampp\htdocs\blog-chat\framework\web\CController.php(1146): CFilter->filter(Object(CFilterChain))
#13 C:\xampp\htdocs\blog-chat\framework\web\filters\CInlineFilter.php(59): CController->filterAccessControl(Object(CFilterChain))
#14 C:\xampp\htdocs\blog-chat\framework\web\filters\CFilterChain.php(131): CInlineFilter->filter(Object(CFilterChain))
#15 C:\xampp\htdocs\blog-chat\framework\web\CController.php(292): CFilterChain->run()
#16 C:\xampp\htdocs\blog-chat\framework\web\CController.php(266): CController->runActionWithFilters(Object(CInlineAction), Array)
#17 C:\xampp\htdocs\blog-chat\framework\web\CWebApplication.php(276): CController->run('')
#18 C:\xampp\htdocs\blog-chat\framework\web\CWebApplication.php(135): CWebApplication->runController('')
#19 C:\xampp\htdocs\blog-chat\framework\base\CApplication.php(162): CWebApplication->processRequest()
#20 C:\xampp\htdocs\blog-chat\index.php(11): CApplication->run()
#21 {main}
REQUEST_URI=/blog-chat/
---
2012/09/17 14:43:32 [error] [php] A non well formed numeric value encountered (C:\xampp\htdocs\blog-chat\protected\modules\chat\components\views\chat.php:7)
Stack trace:
#0 C:\xampp\htdocs\blog-chat\framework\web\CBaseController.php(96): PopupChat->renderInternal()
#1 C:\xampp\htdocs\blog-chat\framework\web\widgets\CWidget.php(244): PopupChat->renderFile()
#2 C:\xampp\htdocs\blog-chat\protected\modules\chat\components\PopupChat.php(14): PopupChat->render()
#3 C:\xampp\htdocs\blog-chat\framework\web\CBaseController.php(174): PopupChat->run()
#4 C:\xampp\htdocs\blog-chat\protected\views\layouts\column2.php(21): PostController->widget()
#5 C:\xampp\htdocs\blog-chat\framework\web\CBaseController.php(127): require()
#6 C:\xampp\htdocs\blog-chat\framework\web\CBaseController.php(96): PostController->renderInternal()
#7 C:\xampp\htdocs\blog-chat\framework\web\CController.php(785): PostController->renderFile()
#8 C:\xampp\htdocs\blog-chat\protected\controllers\PostController.php(136): PostController->render()
#9 C:\xampp\htdocs\blog-chat\framework\web\actions\CInlineAction.php(50): PostController->actionIndex()
#10 C:\xampp\htdocs\blog-chat\framework\web\CController.php(309): CInlineAction->runWithParams()
#11 C:\xampp\htdocs\blog-chat\framework\web\filters\CFilterChain.php(134): PostController->runAction()
#12 C:\xampp\htdocs\blog-chat\framework\web\filters\CFilter.php(41): CFilterChain->run()
#13 C:\xampp\htdocs\blog-chat\framework\web\CController.php(1146): CAccessControlFilter->filter()
#14 C:\xampp\htdocs\blog-chat\framework\web\filters\CInlineFilter.php(59): PostController->filterAccessControl()
#15 C:\xampp\htdocs\blog-chat\framework\web\filters\CFilterChain.php(131): CInlineFilter->filter()
#16 C:\xampp\htdocs\blog-chat\framework\web\CController.php(292): CFilterChain->run()
#17 C:\xampp\htdocs\blog-chat\framework\web\CController.php(266): PostController->runActionWithFilters()
#18 C:\xampp\htdocs\blog-chat\framework\web\CWebApplication.php(276): PostController->run()
#19 C:\xampp\htdocs\blog-chat\framework\web\CWebApplication.php(135): CWebApplication->runController()
#20 C:\xampp\htdocs\blog-chat\framework\base\CApplication.php(162): CWebApplication->processRequest()
#21 C:\xampp\htdocs\blog-chat\index.php(11): CWebApplication->run()
REQUEST_URI=/blog-chat/
2012/09/17 15:06:32 [error] [php] date() expects at least 1 parameter, 0 given (C:\xampp\htdocs\blog-chat\protected\modules\chat\models\Message.php:106)
Stack trace:
#0 C:\xampp\htdocs\blog-chat\framework\db\ar\CActiveRecord.php(787): Message->insert()
#1 C:\xampp\htdocs\blog-chat\protected\modules\chat\controllers\AdminController.php(73): Message->save()
#2 C:\xampp\htdocs\blog-chat\framework\web\actions\CInlineAction.php(50): AdminController->actionCreate()
#3 C:\xampp\htdocs\blog-chat\framework\web\CController.php(309): CInlineAction->runWithParams()
#4 C:\xampp\htdocs\blog-chat\framework\web\filters\CFilterChain.php(134): AdminController->runAction()
#5 C:\xampp\htdocs\blog-chat\framework\web\filters\CFilter.php(41): CFilterChain->run()
#6 C:\xampp\htdocs\blog-chat\framework\web\CController.php(1146): CAccessControlFilter->filter()
#7 C:\xampp\htdocs\blog-chat\framework\web\filters\CInlineFilter.php(59): AdminController->filterAccessControl()
#8 C:\xampp\htdocs\blog-chat\framework\web\filters\CFilterChain.php(131): CInlineFilter->filter()
#9 C:\xampp\htdocs\blog-chat\framework\web\CController.php(292): CFilterChain->run()
#10 C:\xampp\htdocs\blog-chat\framework\web\CController.php(266): AdminController->runActionWithFilters()
#11 C:\xampp\htdocs\blog-chat\framework\web\CWebApplication.php(276): AdminController->run()
#12 C:\xampp\htdocs\blog-chat\framework\web\CWebApplication.php(135): CWebApplication->runController()
#13 C:\xampp\htdocs\blog-chat\framework\base\CApplication.php(162): CWebApplication->processRequest()
#14 C:\xampp\htdocs\blog-chat\index.php(11): CWebApplication->run()
REQUEST_URI=/blog-chat/index.php/chat/admin/create
2012/09/17 15:12:53 [error] [exception.CHttpException.400] exception 'CHttpException' with message 'Your request is invalid.' in C:\xampp\htdocs\blog-chat\framework\web\CController.php:337
Stack trace:
#0 C:\xampp\htdocs\blog-chat\framework\web\CController.php(310): CController->invalidActionParams(Object(CInlineAction))
#1 C:\xampp\htdocs\blog-chat\framework\web\filters\CFilterChain.php(134): CController->runAction(Object(CInlineAction))
#2 C:\xampp\htdocs\blog-chat\framework\web\filters\CFilter.php(41): CFilterChain->run()
#3 C:\xampp\htdocs\blog-chat\framework\web\CController.php(1146): CFilter->filter(Object(CFilterChain))
#4 C:\xampp\htdocs\blog-chat\framework\web\filters\CInlineFilter.php(59): CController->filterAccessControl(Object(CFilterChain))
#5 C:\xampp\htdocs\blog-chat\framework\web\filters\CFilterChain.php(131): CInlineFilter->filter(Object(CFilterChain))
#6 C:\xampp\htdocs\blog-chat\framework\web\CController.php(292): CFilterChain->run()
#7 C:\xampp\htdocs\blog-chat\framework\web\CController.php(266): CController->runActionWithFilters(Object(CInlineAction), Array)
#8 C:\xampp\htdocs\blog-chat\framework\web\CWebApplication.php(276): CController->run('view')
#9 C:\xampp\htdocs\blog-chat\framework\web\CWebApplication.php(135): CWebApplication->runController('chat/admin/view...')
#10 C:\xampp\htdocs\blog-chat\framework\base\CApplication.php(162): CWebApplication->processRequest()
#11 C:\xampp\htdocs\blog-chat\index.php(11): CApplication->run()
#12 {main}
REQUEST_URI=/blog-chat/index.php/chat/admin/view/create
---
2012/09/17 15:13:39 [error] [php] A non well formed numeric value encountered (C:\xampp\htdocs\blog-chat\protected\modules\chat\components\views\chat.php:7)
Stack trace:
#0 C:\xampp\htdocs\blog-chat\framework\web\CBaseController.php(96): PopupChat->renderInternal()
#1 C:\xampp\htdocs\blog-chat\framework\web\widgets\CWidget.php(244): PopupChat->renderFile()
#2 C:\xampp\htdocs\blog-chat\protected\modules\chat\components\PopupChat.php(14): PopupChat->render()
#3 C:\xampp\htdocs\blog-chat\framework\web\CBaseController.php(174): PopupChat->run()
#4 C:\xampp\htdocs\blog-chat\protected\views\layouts\column2.php(21): PostController->widget()
#5 C:\xampp\htdocs\blog-chat\framework\web\CBaseController.php(127): require()
#6 C:\xampp\htdocs\blog-chat\framework\web\CBaseController.php(96): PostController->renderInternal()
#7 C:\xampp\htdocs\blog-chat\framework\web\CController.php(785): PostController->renderFile()
#8 C:\xampp\htdocs\blog-chat\protected\controllers\PostController.php(136): PostController->render()
#9 C:\xampp\htdocs\blog-chat\framework\web\actions\CInlineAction.php(50): PostController->actionIndex()
#10 C:\xampp\htdocs\blog-chat\framework\web\CController.php(309): CInlineAction->runWithParams()
#11 C:\xampp\htdocs\blog-chat\framework\web\filters\CFilterChain.php(134): PostController->runAction()
#12 C:\xampp\htdocs\blog-chat\framework\web\filters\CFilter.php(41): CFilterChain->run()
#13 C:\xampp\htdocs\blog-chat\framework\web\CController.php(1146): CAccessControlFilter->filter()
#14 C:\xampp\htdocs\blog-chat\framework\web\filters\CInlineFilter.php(59): PostController->filterAccessControl()
#15 C:\xampp\htdocs\blog-chat\framework\web\filters\CFilterChain.php(131): CInlineFilter->filter()
#16 C:\xampp\htdocs\blog-chat\framework\web\CController.php(292): CFilterChain->run()
#17 C:\xampp\htdocs\blog-chat\framework\web\CController.php(266): PostController->runActionWithFilters()
#18 C:\xampp\htdocs\blog-chat\framework\web\CWebApplication.php(276): PostController->run()
#19 C:\xampp\htdocs\blog-chat\framework\web\CWebApplication.php(135): CWebApplication->runController()
#20 C:\xampp\htdocs\blog-chat\framework\base\CApplication.php(162): CWebApplication->processRequest()
#21 C:\xampp\htdocs\blog-chat\index.php(11): CWebApplication->run()
REQUEST_URI=/blog-chat/
2012/09/17 15:33:46 [error] [exception.CHttpException.403] exception 'CHttpException' with message 'You are not authorized to perform this action.' in C:\xampp\htdocs\blog-chat\framework\web\auth\CAccessControlFilter.php:157
Stack trace:
#0 C:\xampp\htdocs\blog-chat\framework\web\auth\CAccessControlFilter.php(120): CAccessControlFilter->accessDenied(Object(CWebUser), 'You are not aut...')
#1 C:\xampp\htdocs\blog-chat\framework\web\filters\CFilter.php(39): CAccessControlFilter->preFilter(Object(CFilterChain))
#2 C:\xampp\htdocs\blog-chat\framework\web\CController.php(1146): CFilter->filter(Object(CFilterChain))
#3 C:\xampp\htdocs\blog-chat\framework\web\filters\CInlineFilter.php(59): CController->filterAccessControl(Object(CFilterChain))
#4 C:\xampp\htdocs\blog-chat\framework\web\filters\CFilterChain.php(131): CInlineFilter->filter(Object(CFilterChain))
#5 C:\xampp\htdocs\blog-chat\framework\web\CController.php(292): CFilterChain->run()
#6 C:\xampp\htdocs\blog-chat\framework\web\CController.php(266): CController->runActionWithFilters(Object(CInlineAction), Array)
#7 C:\xampp\htdocs\blog-chat\framework\web\CWebApplication.php(276): CController->run('createAjax')
#8 C:\xampp\htdocs\blog-chat\framework\web\CWebApplication.php(135): CWebApplication->runController('chat/admin/crea...')
#9 C:\xampp\htdocs\blog-chat\framework\base\CApplication.php(162): CWebApplication->processRequest()
#10 C:\xampp\htdocs\blog-chat\index.php(11): CApplication->run()
#11 {main}
REQUEST_URI=/blog-chat/index.php/chat/admin/createAjax
HTTP_REFERER=http://localhost/blog-chat/
---
2012/09/17 15:41:17 [error] [exception.CException] exception 'CException' with message 'Property "CActiveForm.enableAjax" is not defined.' in C:\xampp\htdocs\blog-chat\framework\base\CComponent.php:174
Stack trace:
#0 C:\xampp\htdocs\blog-chat\framework\web\CWidgetFactory.php(162): CComponent->__set('enableAjax', true)
#1 C:\xampp\htdocs\blog-chat\framework\web\CBaseController.php(147): CWidgetFactory->createWidget(Object(PopupChat), 'CActiveForm', Array)
#2 C:\xampp\htdocs\blog-chat\framework\web\CBaseController.php(190): CBaseController->createWidget('CActiveForm', Array)
#3 C:\xampp\htdocs\blog-chat\protected\modules\chat\components\views\chat.php(30): CBaseController->beginWidget('CActiveForm', Array)
#4 C:\xampp\htdocs\blog-chat\framework\web\CBaseController.php(131): require('C:\xampp\htdocs...')
#5 C:\xampp\htdocs\blog-chat\framework\web\CBaseController.php(96): CBaseController->renderInternal('C:\xampp\htdocs...', Array, false)
#6 C:\xampp\htdocs\blog-chat\framework\web\widgets\CWidget.php(244): CBaseController->renderFile('C:\xampp\htdocs...', Array, false)
#7 C:\xampp\htdocs\blog-chat\protected\modules\chat\components\PopupChat.php(17): CWidget->render('chat', Array)
#8 C:\xampp\htdocs\blog-chat\framework\web\CBaseController.php(174): PopupChat->run()
#9 C:\xampp\htdocs\blog-chat\protected\views\layouts\column2.php(21): CBaseController->widget('application.mod...')
#10 C:\xampp\htdocs\blog-chat\framework\web\CBaseController.php(127): require('C:\xampp\htdocs...')
#11 C:\xampp\htdocs\blog-chat\framework\web\CBaseController.php(96): CBaseController->renderInternal('C:\xampp\htdocs...', Array, true)
#12 C:\xampp\htdocs\blog-chat\framework\web\CController.php(785): CBaseController->renderFile('C:\xampp\htdocs...', Array, true)
#13 C:\xampp\htdocs\blog-chat\protected\controllers\PostController.php(136): CController->render('index', Array)
#14 C:\xampp\htdocs\blog-chat\framework\web\actions\CInlineAction.php(50): PostController->actionIndex()
#15 C:\xampp\htdocs\blog-chat\framework\web\CController.php(309): CInlineAction->runWithParams(Array)
#16 C:\xampp\htdocs\blog-chat\framework\web\filters\CFilterChain.php(134): CController->runAction(Object(CInlineAction))
#17 C:\xampp\htdocs\blog-chat\framework\web\filters\CFilter.php(41): CFilterChain->run()
#18 C:\xampp\htdocs\blog-chat\framework\web\CController.php(1146): CFilter->filter(Object(CFilterChain))
#19 C:\xampp\htdocs\blog-chat\framework\web\filters\CInlineFilter.php(59): CController->filterAccessControl(Object(CFilterChain))
#20 C:\xampp\htdocs\blog-chat\framework\web\filters\CFilterChain.php(131): CInlineFilter->filter(Object(CFilterChain))
#21 C:\xampp\htdocs\blog-chat\framework\web\CController.php(292): CFilterChain->run()
#22 C:\xampp\htdocs\blog-chat\framework\web\CController.php(266): CController->runActionWithFilters(Object(CInlineAction), Array)
#23 C:\xampp\htdocs\blog-chat\framework\web\CWebApplication.php(276): CController->run('')
#24 C:\xampp\htdocs\blog-chat\framework\web\CWebApplication.php(135): CWebApplication->runController('')
#25 C:\xampp\htdocs\blog-chat\framework\base\CApplication.php(162): CWebApplication->processRequest()
#26 C:\xampp\htdocs\blog-chat\index.php(11): CApplication->run()
#27 {main}
REQUEST_URI=/blog-chat/
---
2012/09/17 16:48:52 [error] [php] Undefined variable: message (C:\xampp\htdocs\blog-chat\protected\modules\chat\controllers\AdminController.php:212)
Stack trace:
#0 C:\xampp\htdocs\blog-chat\framework\web\filters\CFilterChain.php(134): AdminController->runAction()
#1 C:\xampp\htdocs\blog-chat\framework\web\filters\CFilter.php(41): CFilterChain->run()
#2 C:\xampp\htdocs\blog-chat\framework\web\CController.php(1146): CAccessControlFilter->filter()
#3 C:\xampp\htdocs\blog-chat\framework\web\filters\CInlineFilter.php(59): AdminController->filterAccessControl()
#4 C:\xampp\htdocs\blog-chat\framework\web\filters\CFilterChain.php(131): CInlineFilter->filter()
#5 C:\xampp\htdocs\blog-chat\framework\web\CController.php(292): CFilterChain->run()
#6 C:\xampp\htdocs\blog-chat\framework\web\CController.php(266): AdminController->runActionWithFilters()
#7 C:\xampp\htdocs\blog-chat\framework\web\CWebApplication.php(276): AdminController->run()
#8 C:\xampp\htdocs\blog-chat\framework\web\CWebApplication.php(135): CWebApplication->runController()
#9 C:\xampp\htdocs\blog-chat\framework\base\CApplication.php(162): CWebApplication->processRequest()
#10 C:\xampp\htdocs\blog-chat\index.php(11): CWebApplication->run()
REQUEST_URI=/blog-chat/index.php/chat/admin/getMessages
2012/09/17 17:47:18 [error] [exception.CException] exception 'CException' with message 'Property "Message.validat" is not defined.' in C:\xampp\htdocs\blog-chat\framework\base\CComponent.php:131
Stack trace:
#0 C:\xampp\htdocs\blog-chat\framework\db\ar\CActiveRecord.php(144): CComponent->__get('validat')
#1 C:\xampp\htdocs\blog-chat\protected\modules\chat\controllers\AdminController.php(189): CActiveRecord->__get('validat')
#2 C:\xampp\htdocs\blog-chat\framework\web\actions\CInlineAction.php(50): AdminController->actionCreateAjax()
#3 C:\xampp\htdocs\blog-chat\framework\web\CController.php(309): CInlineAction->runWithParams(Array)
#4 C:\xampp\htdocs\blog-chat\framework\web\filters\CFilterChain.php(134): CController->runAction(Object(CInlineAction))
#5 C:\xampp\htdocs\blog-chat\framework\web\filters\CFilter.php(41): CFilterChain->run()
#6 C:\xampp\htdocs\blog-chat\framework\web\CController.php(1146): CFilter->filter(Object(CFilterChain))
#7 C:\xampp\htdocs\blog-chat\framework\web\filters\CInlineFilter.php(59): CController->filterAccessControl(Object(CFilterChain))
#8 C:\xampp\htdocs\blog-chat\framework\web\filters\CFilterChain.php(131): CInlineFilter->filter(Object(CFilterChain))
#9 C:\xampp\htdocs\blog-chat\framework\web\CController.php(292): CFilterChain->run()
#10 C:\xampp\htdocs\blog-chat\framework\web\CController.php(266): CController->runActionWithFilters(Object(CInlineAction), Array)
#11 C:\xampp\htdocs\blog-chat\framework\web\CWebApplication.php(276): CController->run('createAjax')
#12 C:\xampp\htdocs\blog-chat\framework\web\CWebApplication.php(135): CWebApplication->runController('chat/admin/crea...')
#13 C:\xampp\htdocs\blog-chat\framework\base\CApplication.php(162): CWebApplication->processRequest()
#14 C:\xampp\htdocs\blog-chat\index.php(11): CApplication->run()
#15 {main}
REQUEST_URI=/blog-chat/index.php/chat/admin/createAjax
HTTP_REFERER=http://localhost/blog-chat/index.php/post/index
---
2012/09/17 17:58:55 [error] [system.db.CDbCommand] CDbCommand::fetchAll() failed: SQLSTATE[42000]: Syntax error or access violation: 1064 You have an error in your SQL syntax; check the manual that corresponds to your MySQL server version for the right syntax to use near 'INC LIMIT 15' at line 1. The SQL statement executed was: SELECT * FROM `tbl_message` `t` ORDER BY id INC LIMIT 15.
2012/09/17 17:58:55 [error] [exception.CDbException] exception 'CDbException' with message 'CDbCommand failed to execute the SQL statement: SQLSTATE[42000]: Syntax error or access violation: 1064 You have an error in your SQL syntax; check the manual that corresponds to your MySQL server version for the right syntax to use near 'INC LIMIT 15' at line 1' in C:\xampp\htdocs\blog-chat\framework\db\CDbCommand.php:528
Stack trace:
#0 C:\xampp\htdocs\blog-chat\framework\db\CDbCommand.php(390): CDbCommand->queryInternal('fetchAll', Array, Array)
#1 C:\xampp\htdocs\blog-chat\framework\db\ar\CActiveRecord.php(1287): CDbCommand->queryAll()
#2 C:\xampp\htdocs\blog-chat\framework\db\ar\CActiveRecord.php(1406): CActiveRecord->query(Object(CDbCriteria), true)
#3 C:\xampp\htdocs\blog-chat\protected\modules\chat\controllers\AdminController.php(207): CActiveRecord->findAll(Array)
#4 C:\xampp\htdocs\blog-chat\framework\web\actions\CInlineAction.php(50): AdminController->actionGetMessages()
#5 C:\xampp\htdocs\blog-chat\framework\web\CController.php(309): CInlineAction->runWithParams(Array)
#6 C:\xampp\htdocs\blog-chat\framework\web\filters\CFilterChain.php(134): CController->runAction(Object(CInlineAction))
#7 C:\xampp\htdocs\blog-chat\framework\web\filters\CFilter.php(41): CFilterChain->run()
#8 C:\xampp\htdocs\blog-chat\framework\web\CController.php(1146): CFilter->filter(Object(CFilterChain))
#9 C:\xampp\htdocs\blog-chat\framework\web\filters\CInlineFilter.php(59): CController->filterAccessControl(Object(CFilterChain))
#10 C:\xampp\htdocs\blog-chat\framework\web\filters\CFilterChain.php(131): CInlineFilter->filter(Object(CFilterChain))
#11 C:\xampp\htdocs\blog-chat\framework\web\CController.php(292): CFilterChain->run()
#12 C:\xampp\htdocs\blog-chat\framework\web\CController.php(266): CController->runActionWithFilters(Object(CInlineAction), Array)
#13 C:\xampp\htdocs\blog-chat\framework\web\CWebApplication.php(276): CController->run('getMessages')
#14 C:\xampp\htdocs\blog-chat\framework\web\CWebApplication.php(135): CWebApplication->runController('chat/admin/getM...')
#15 C:\xampp\htdocs\blog-chat\framework\base\CApplication.php(162): CWebApplication->processRequest()
#16 C:\xampp\htdocs\blog-chat\index.php(11): CApplication->run()
#17 {main}
REQUEST_URI=/blog-chat/index.php/chat/admin/getMessages
HTTP_REFERER=http://localhost/blog-chat/index.php/post/index
---
2012/09/17 17:59:00 [error] [system.db.CDbCommand] CDbCommand::fetchAll() failed: SQLSTATE[42000]: Syntax error or access violation: 1064 You have an error in your SQL syntax; check the manual that corresponds to your MySQL server version for the right syntax to use near 'INC LIMIT 15' at line 1. The SQL statement executed was: SELECT * FROM `tbl_message` `t` ORDER BY id INC LIMIT 15.
2012/09/17 17:59:00 [error] [exception.CDbException] exception 'CDbException' with message 'CDbCommand failed to execute the SQL statement: SQLSTATE[42000]: Syntax error or access violation: 1064 You have an error in your SQL syntax; check the manual that corresponds to your MySQL server version for the right syntax to use near 'INC LIMIT 15' at line 1' in C:\xampp\htdocs\blog-chat\framework\db\CDbCommand.php:528
Stack trace:
#0 C:\xampp\htdocs\blog-chat\framework\db\CDbCommand.php(390): CDbCommand->queryInternal('fetchAll', Array, Array)
#1 C:\xampp\htdocs\blog-chat\framework\db\ar\CActiveRecord.php(1287): CDbCommand->queryAll()
#2 C:\xampp\htdocs\blog-chat\framework\db\ar\CActiveRecord.php(1406): CActiveRecord->query(Object(CDbCriteria), true)
#3 C:\xampp\htdocs\blog-chat\protected\modules\chat\controllers\AdminController.php(207): CActiveRecord->findAll(Array)
#4 C:\xampp\htdocs\blog-chat\framework\web\actions\CInlineAction.php(50): AdminController->actionGetMessages()
#5 C:\xampp\htdocs\blog-chat\framework\web\CController.php(309): CInlineAction->runWithParams(Array)
#6 C:\xampp\htdocs\blog-chat\framework\web\filters\CFilterChain.php(134): CController->runAction(Object(CInlineAction))
#7 C:\xampp\htdocs\blog-chat\framework\web\filters\CFilter.php(41): CFilterChain->run()
#8 C:\xampp\htdocs\blog-chat\framework\web\CController.php(1146): CFilter->filter(Object(CFilterChain))
#9 C:\xampp\htdocs\blog-chat\framework\web\filters\CInlineFilter.php(59): CController->filterAccessControl(Object(CFilterChain))
#10 C:\xampp\htdocs\blog-chat\framework\web\filters\CFilterChain.php(131): CInlineFilter->filter(Object(CFilterChain))
#11 C:\xampp\htdocs\blog-chat\framework\web\CController.php(292): CFilterChain->run()
#12 C:\xampp\htdocs\blog-chat\framework\web\CController.php(266): CController->runActionWithFilters(Object(CInlineAction), Array)
#13 C:\xampp\htdocs\blog-chat\framework\web\CWebApplication.php(276): CController->run('getMessages')
#14 C:\xampp\htdocs\blog-chat\framework\web\CWebApplication.php(135): CWebApplication->runController('chat/admin/getM...')
#15 C:\xampp\htdocs\blog-chat\framework\base\CApplication.php(162): CWebApplication->processRequest()
#16 C:\xampp\htdocs\blog-chat\index.php(11): CApplication->run()
#17 {main}
REQUEST_URI=/blog-chat/index.php/chat/admin/getMessages
HTTP_REFERER=http://localhost/blog-chat/index.php/post/index
---
2012/09/17 17:59:05 [error] [system.db.CDbCommand] CDbCommand::fetchAll() failed: SQLSTATE[42000]: Syntax error or access violation: 1064 You have an error in your SQL syntax; check the manual that corresponds to your MySQL server version for the right syntax to use near 'INC LIMIT 15' at line 1. The SQL statement executed was: SELECT * FROM `tbl_message` `t` ORDER BY id INC LIMIT 15.
2012/09/17 17:59:05 [error] [exception.CDbException] exception 'CDbException' with message 'CDbCommand failed to execute the SQL statement: SQLSTATE[42000]: Syntax error or access violation: 1064 You have an error in your SQL syntax; check the manual that corresponds to your MySQL server version for the right syntax to use near 'INC LIMIT 15' at line 1' in C:\xampp\htdocs\blog-chat\framework\db\CDbCommand.php:528
Stack trace:
#0 C:\xampp\htdocs\blog-chat\framework\db\CDbCommand.php(390): CDbCommand->queryInternal('fetchAll', Array, Array)
#1 C:\xampp\htdocs\blog-chat\framework\db\ar\CActiveRecord.php(1287): CDbCommand->queryAll()
#2 C:\xampp\htdocs\blog-chat\framework\db\ar\CActiveRecord.php(1406): CActiveRecord->query(Object(CDbCriteria), true)
#3 C:\xampp\htdocs\blog-chat\protected\modules\chat\controllers\AdminController.php(207): CActiveRecord->findAll(Array)
#4 C:\xampp\htdocs\blog-chat\framework\web\actions\CInlineAction.php(50): AdminController->actionGetMessages()
#5 C:\xampp\htdocs\blog-chat\framework\web\CController.php(309): CInlineAction->runWithParams(Array)
#6 C:\xampp\htdocs\blog-chat\framework\web\filters\CFilterChain.php(134): CController->runAction(Object(CInlineAction))
#7 C:\xampp\htdocs\blog-chat\framework\web\filters\CFilter.php(41): CFilterChain->run()
#8 C:\xampp\htdocs\blog-chat\framework\web\CController.php(1146): CFilter->filter(Object(CFilterChain))
#9 C:\xampp\htdocs\blog-chat\framework\web\filters\CInlineFilter.php(59): CController->filterAccessControl(Object(CFilterChain))
#10 C:\xampp\htdocs\blog-chat\framework\web\filters\CFilterChain.php(131): CInlineFilter->filter(Object(CFilterChain))
#11 C:\xampp\htdocs\blog-chat\framework\web\CController.php(292): CFilterChain->run()
#12 C:\xampp\htdocs\blog-chat\framework\web\CController.php(266): CController->runActionWithFilters(Object(CInlineAction), Array)
#13 C:\xampp\htdocs\blog-chat\framework\web\CWebApplication.php(276): CController->run('getMessages')
#14 C:\xampp\htdocs\blog-chat\framework\web\CWebApplication.php(135): CWebApplication->runController('chat/admin/getM...')
#15 C:\xampp\htdocs\blog-chat\framework\base\CApplication.php(162): CWebApplication->processRequest()
#16 C:\xampp\htdocs\blog-chat\index.php(11): CApplication->run()
#17 {main}
REQUEST_URI=/blog-chat/index.php/chat/admin/getMessages
HTTP_REFERER=http://localhost/blog-chat/index.php/post/index
---
2012/09/17 17:59:10 [error] [system.db.CDbCommand] CDbCommand::fetchAll() failed: SQLSTATE[42000]: Syntax error or access violation: 1064 You have an error in your SQL syntax; check the manual that corresponds to your MySQL server version for the right syntax to use near 'INC LIMIT 15' at line 1. The SQL statement executed was: SELECT * FROM `tbl_message` `t` ORDER BY id INC LIMIT 15.
2012/09/17 17:59:10 [error] [exception.CDbException] exception 'CDbException' with message 'CDbCommand failed to execute the SQL statement: SQLSTATE[42000]: Syntax error or access violation: 1064 You have an error in your SQL syntax; check the manual that corresponds to your MySQL server version for the right syntax to use near 'INC LIMIT 15' at line 1' in C:\xampp\htdocs\blog-chat\framework\db\CDbCommand.php:528
Stack trace:
#0 C:\xampp\htdocs\blog-chat\framework\db\CDbCommand.php(390): CDbCommand->queryInternal('fetchAll', Array, Array)
#1 C:\xampp\htdocs\blog-chat\framework\db\ar\CActiveRecord.php(1287): CDbCommand->queryAll()
#2 C:\xampp\htdocs\blog-chat\framework\db\ar\CActiveRecord.php(1406): CActiveRecord->query(Object(CDbCriteria), true)
#3 C:\xampp\htdocs\blog-chat\protected\modules\chat\controllers\AdminController.php(207): CActiveRecord->findAll(Array)
#4 C:\xampp\htdocs\blog-chat\framework\web\actions\CInlineAction.php(50): AdminController->actionGetMessages()
#5 C:\xampp\htdocs\blog-chat\framework\web\CController.php(309): CInlineAction->runWithParams(Array)
#6 C:\xampp\htdocs\blog-chat\framework\web\filters\CFilterChain.php(134): CController->runAction(Object(CInlineAction))
#7 C:\xampp\htdocs\blog-chat\framework\web\filters\CFilter.php(41): CFilterChain->run()
#8 C:\xampp\htdocs\blog-chat\framework\web\CController.php(1146): CFilter->filter(Object(CFilterChain))
#9 C:\xampp\htdocs\blog-chat\framework\web\filters\CInlineFilter.php(59): CController->filterAccessControl(Object(CFilterChain))
#10 C:\xampp\htdocs\blog-chat\framework\web\filters\CFilterChain.php(131): CInlineFilter->filter(Object(CFilterChain))
#11 C:\xampp\htdocs\blog-chat\framework\web\CController.php(292): CFilterChain->run()
#12 C:\xampp\htdocs\blog-chat\framework\web\CController.php(266): CController->runActionWithFilters(Object(CInlineAction), Array)
#13 C:\xampp\htdocs\blog-chat\framework\web\CWebApplication.php(276): CController->run('getMessages')
#14 C:\xampp\htdocs\blog-chat\framework\web\CWebApplication.php(135): CWebApplication->runController('chat/admin/getM...')
#15 C:\xampp\htdocs\blog-chat\framework\base\CApplication.php(162): CWebApplication->processRequest()
#16 C:\xampp\htdocs\blog-chat\index.php(11): CApplication->run()
#17 {main}
REQUEST_URI=/blog-chat/index.php/chat/admin/getMessages
HTTP_REFERER=http://localhost/blog-chat/index.php/post/index
---
2012/09/17 17:59:15 [error] [system.db.CDbCommand] CDbCommand::fetchAll() failed: SQLSTATE[42000]: Syntax error or access violation: 1064 You have an error in your SQL syntax; check the manual that corresponds to your MySQL server version for the right syntax to use near 'INC LIMIT 15' at line 1. The SQL statement executed was: SELECT * FROM `tbl_message` `t` ORDER BY id INC LIMIT 15.
2012/09/17 17:59:15 [error] [exception.CDbException] exception 'CDbException' with message 'CDbCommand failed to execute the SQL statement: SQLSTATE[42000]: Syntax error or access violation: 1064 You have an error in your SQL syntax; check the manual that corresponds to your MySQL server version for the right syntax to use near 'INC LIMIT 15' at line 1' in C:\xampp\htdocs\blog-chat\framework\db\CDbCommand.php:528
Stack trace:
#0 C:\xampp\htdocs\blog-chat\framework\db\CDbCommand.php(390): CDbCommand->queryInternal('fetchAll', Array, Array)
#1 C:\xampp\htdocs\blog-chat\framework\db\ar\CActiveRecord.php(1287): CDbCommand->queryAll()
#2 C:\xampp\htdocs\blog-chat\framework\db\ar\CActiveRecord.php(1406): CActiveRecord->query(Object(CDbCriteria), true)
#3 C:\xampp\htdocs\blog-chat\protected\modules\chat\controllers\AdminController.php(207): CActiveRecord->findAll(Array)
#4 C:\xampp\htdocs\blog-chat\framework\web\actions\CInlineAction.php(50): AdminController->actionGetMessages()
#5 C:\xampp\htdocs\blog-chat\framework\web\CController.php(309): CInlineAction->runWithParams(Array)
#6 C:\xampp\htdocs\blog-chat\framework\web\filters\CFilterChain.php(134): CController->runAction(Object(CInlineAction))
#7 C:\xampp\htdocs\blog-chat\framework\web\filters\CFilter.php(41): CFilterChain->run()
#8 C:\xampp\htdocs\blog-chat\framework\web\CController.php(1146): CFilter->filter(Object(CFilterChain))
#9 C:\xampp\htdocs\blog-chat\framework\web\filters\CInlineFilter.php(59): CController->filterAccessControl(Object(CFilterChain))
#10 C:\xampp\htdocs\blog-chat\framework\web\filters\CFilterChain.php(131): CInlineFilter->filter(Object(CFilterChain))
#11 C:\xampp\htdocs\blog-chat\framework\web\CController.php(292): CFilterChain->run()
#12 C:\xampp\htdocs\blog-chat\framework\web\CController.php(266): CController->runActionWithFilters(Object(CInlineAction), Array)
#13 C:\xampp\htdocs\blog-chat\framework\web\CWebApplication.php(276): CController->run('getMessages')
#14 C:\xampp\htdocs\blog-chat\framework\web\CWebApplication.php(135): CWebApplication->runController('chat/admin/getM...')
#15 C:\xampp\htdocs\blog-chat\framework\base\CApplication.php(162): CWebApplication->processRequest()
#16 C:\xampp\htdocs\blog-chat\index.php(11): CApplication->run()
#17 {main}
REQUEST_URI=/blog-chat/index.php/chat/admin/getMessages
HTTP_REFERER=http://localhost/blog-chat/index.php/post/index
---
2012/09/17 17:59:20 [error] [system.db.CDbCommand] CDbCommand::fetchAll() failed: SQLSTATE[42000]: Syntax error or access violation: 1064 You have an error in your SQL syntax; check the manual that corresponds to your MySQL server version for the right syntax to use near 'INC LIMIT 15' at line 1. The SQL statement executed was: SELECT * FROM `tbl_message` `t` ORDER BY id INC LIMIT 15.
2012/09/17 17:59:20 [error] [exception.CDbException] exception 'CDbException' with message 'CDbCommand failed to execute the SQL statement: SQLSTATE[42000]: Syntax error or access violation: 1064 You have an error in your SQL syntax; check the manual that corresponds to your MySQL server version for the right syntax to use near 'INC LIMIT 15' at line 1' in C:\xampp\htdocs\blog-chat\framework\db\CDbCommand.php:528
Stack trace:
#0 C:\xampp\htdocs\blog-chat\framework\db\CDbCommand.php(390): CDbCommand->queryInternal('fetchAll', Array, Array)
#1 C:\xampp\htdocs\blog-chat\framework\db\ar\CActiveRecord.php(1287): CDbCommand->queryAll()
#2 C:\xampp\htdocs\blog-chat\framework\db\ar\CActiveRecord.php(1406): CActiveRecord->query(Object(CDbCriteria), true)
#3 C:\xampp\htdocs\blog-chat\protected\modules\chat\controllers\AdminController.php(207): CActiveRecord->findAll(Array)
#4 C:\xampp\htdocs\blog-chat\framework\web\actions\CInlineAction.php(50): AdminController->actionGetMessages()
#5 C:\xampp\htdocs\blog-chat\framework\web\CController.php(309): CInlineAction->runWithParams(Array)
#6 C:\xampp\htdocs\blog-chat\framework\web\filters\CFilterChain.php(134): CController->runAction(Object(CInlineAction))
#7 C:\xampp\htdocs\blog-chat\framework\web\filters\CFilter.php(41): CFilterChain->run()
#8 C:\xampp\htdocs\blog-chat\framework\web\CController.php(1146): CFilter->filter(Object(CFilterChain))
#9 C:\xampp\htdocs\blog-chat\framework\web\filters\CInlineFilter.php(59): CController->filterAccessControl(Object(CFilterChain))
#10 C:\xampp\htdocs\blog-chat\framework\web\filters\CFilterChain.php(131): CInlineFilter->filter(Object(CFilterChain))
#11 C:\xampp\htdocs\blog-chat\framework\web\CController.php(292): CFilterChain->run()
#12 C:\xampp\htdocs\blog-chat\framework\web\CController.php(266): CController->runActionWithFilters(Object(CInlineAction), Array)
#13 C:\xampp\htdocs\blog-chat\framework\web\CWebApplication.php(276): CController->run('getMessages')
#14 C:\xampp\htdocs\blog-chat\framework\web\CWebApplication.php(135): CWebApplication->runController('chat/admin/getM...')
#15 C:\xampp\htdocs\blog-chat\framework\base\CApplication.php(162): CWebApplication->processRequest()
#16 C:\xampp\htdocs\blog-chat\index.php(11): CApplication->run()
#17 {main}
REQUEST_URI=/blog-chat/index.php/chat/admin/getMessages
HTTP_REFERER=http://localhost/blog-chat/index.php/post/index
---
2012/09/17 17:59:25 [error] [system.db.CDbCommand] CDbCommand::fetchAll() failed: SQLSTATE[42000]: Syntax error or access violation: 1064 You have an error in your SQL syntax; check the manual that corresponds to your MySQL server version for the right syntax to use near 'INC LIMIT 15' at line 1. The SQL statement executed was: SELECT * FROM `tbl_message` `t` ORDER BY id INC LIMIT 15.
2012/09/17 17:59:25 [error] [exception.CDbException] exception 'CDbException' with message 'CDbCommand failed to execute the SQL statement: SQLSTATE[42000]: Syntax error or access violation: 1064 You have an error in your SQL syntax; check the manual that corresponds to your MySQL server version for the right syntax to use near 'INC LIMIT 15' at line 1' in C:\xampp\htdocs\blog-chat\framework\db\CDbCommand.php:528
Stack trace:
#0 C:\xampp\htdocs\blog-chat\framework\db\CDbCommand.php(390): CDbCommand->queryInternal('fetchAll', Array, Array)
#1 C:\xampp\htdocs\blog-chat\framework\db\ar\CActiveRecord.php(1287): CDbCommand->queryAll()
#2 C:\xampp\htdocs\blog-chat\framework\db\ar\CActiveRecord.php(1406): CActiveRecord->query(Object(CDbCriteria), true)
#3 C:\xampp\htdocs\blog-chat\protected\modules\chat\controllers\AdminController.php(207): CActiveRecord->findAll(Array)
#4 C:\xampp\htdocs\blog-chat\framework\web\actions\CInlineAction.php(50): AdminController->actionGetMessages()
#5 C:\xampp\htdocs\blog-chat\framework\web\CController.php(309): CInlineAction->runWithParams(Array)
#6 C:\xampp\htdocs\blog-chat\framework\web\filters\CFilterChain.php(134): CController->runAction(Object(CInlineAction))
#7 C:\xampp\htdocs\blog-chat\framework\web\filters\CFilter.php(41): CFilterChain->run()
#8 C:\xampp\htdocs\blog-chat\framework\web\CController.php(1146): CFilter->filter(Object(CFilterChain))
#9 C:\xampp\htdocs\blog-chat\framework\web\filters\CInlineFilter.php(59): CController->filterAccessControl(Object(CFilterChain))
#10 C:\xampp\htdocs\blog-chat\framework\web\filters\CFilterChain.php(131): CInlineFilter->filter(Object(CFilterChain))
#11 C:\xampp\htdocs\blog-chat\framework\web\CController.php(292): CFilterChain->run()
#12 C:\xampp\htdocs\blog-chat\framework\web\CController.php(266): CController->runActionWithFilters(Object(CInlineAction), Array)
#13 C:\xampp\htdocs\blog-chat\framework\web\CWebApplication.php(276): CController->run('getMessages')
#14 C:\xampp\htdocs\blog-chat\framework\web\CWebApplication.php(135): CWebApplication->runController('chat/admin/getM...')
#15 C:\xampp\htdocs\blog-chat\framework\base\CApplication.php(162): CWebApplication->processRequest()
#16 C:\xampp\htdocs\blog-chat\index.php(11): CApplication->run()
#17 {main}
REQUEST_URI=/blog-chat/index.php/chat/admin/getMessages
HTTP_REFERER=http://localhost/blog-chat/index.php/post/index
---
2012/09/17 17:59:30 [error] [system.db.CDbCommand] CDbCommand::fetchAll() failed: SQLSTATE[42000]: Syntax error or access violation: 1064 You have an error in your SQL syntax; check the manual that corresponds to your MySQL server version for the right syntax to use near 'INC LIMIT 15' at line 1. The SQL statement executed was: SELECT * FROM `tbl_message` `t` ORDER BY id INC LIMIT 15.
2012/09/17 17:59:30 [error] [exception.CDbException] exception 'CDbException' with message 'CDbCommand failed to execute the SQL statement: SQLSTATE[42000]: Syntax error or access violation: 1064 You have an error in your SQL syntax; check the manual that corresponds to your MySQL server version for the right syntax to use near 'INC LIMIT 15' at line 1' in C:\xampp\htdocs\blog-chat\framework\db\CDbCommand.php:528
Stack trace:
#0 C:\xampp\htdocs\blog-chat\framework\db\CDbCommand.php(390): CDbCommand->queryInternal('fetchAll', Array, Array)
#1 C:\xampp\htdocs\blog-chat\framework\db\ar\CActiveRecord.php(1287): CDbCommand->queryAll()
#2 C:\xampp\htdocs\blog-chat\framework\db\ar\CActiveRecord.php(1406): CActiveRecord->query(Object(CDbCriteria), true)
#3 C:\xampp\htdocs\blog-chat\protected\modules\chat\controllers\AdminController.php(207): CActiveRecord->findAll(Array)
#4 C:\xampp\htdocs\blog-chat\framework\web\actions\CInlineAction.php(50): AdminController->actionGetMessages()
#5 C:\xampp\htdocs\blog-chat\framework\web\CController.php(309): CInlineAction->runWithParams(Array)
#6 C:\xampp\htdocs\blog-chat\framework\web\filters\CFilterChain.php(134): CController->runAction(Object(CInlineAction))
#7 C:\xampp\htdocs\blog-chat\framework\web\filters\CFilter.php(41): CFilterChain->run()
#8 C:\xampp\htdocs\blog-chat\framework\web\CController.php(1146): CFilter->filter(Object(CFilterChain))
#9 C:\xampp\htdocs\blog-chat\framework\web\filters\CInlineFilter.php(59): CController->filterAccessControl(Object(CFilterChain))
#10 C:\xampp\htdocs\blog-chat\framework\web\filters\CFilterChain.php(131): CInlineFilter->filter(Object(CFilterChain))
#11 C:\xampp\htdocs\blog-chat\framework\web\CController.php(292): CFilterChain->run()
#12 C:\xampp\htdocs\blog-chat\framework\web\CController.php(266): CController->runActionWithFilters(Object(CInlineAction), Array)
#13 C:\xampp\htdocs\blog-chat\framework\web\CWebApplication.php(276): CController->run('getMessages')
#14 C:\xampp\htdocs\blog-chat\framework\web\CWebApplication.php(135): CWebApplication->runController('chat/admin/getM...')
#15 C:\xampp\htdocs\blog-chat\framework\base\CApplication.php(162): CWebApplication->processRequest()
#16 C:\xampp\htdocs\blog-chat\index.php(11): CApplication->run()
#17 {main}
REQUEST_URI=/blog-chat/index.php/chat/admin/getMessages
HTTP_REFERER=http://localhost/blog-chat/index.php/post/index
---
2012/09/17 17:59:35 [error] [system.db.CDbCommand] CDbCommand::fetchAll() failed: SQLSTATE[42000]: Syntax error or access violation: 1064 You have an error in your SQL syntax; check the manual that corresponds to your MySQL server version for the right syntax to use near 'INC LIMIT 15' at line 1. The SQL statement executed was: SELECT * FROM `tbl_message` `t` ORDER BY id INC LIMIT 15.
2012/09/17 17:59:35 [error] [exception.CDbException] exception 'CDbException' with message 'CDbCommand failed to execute the SQL statement: SQLSTATE[42000]: Syntax error or access violation: 1064 You have an error in your SQL syntax; check the manual that corresponds to your MySQL server version for the right syntax to use near 'INC LIMIT 15' at line 1' in C:\xampp\htdocs\blog-chat\framework\db\CDbCommand.php:528
Stack trace:
#0 C:\xampp\htdocs\blog-chat\framework\db\CDbCommand.php(390): CDbCommand->queryInternal('fetchAll', Array, Array)
#1 C:\xampp\htdocs\blog-chat\framework\db\ar\CActiveRecord.php(1287): CDbCommand->queryAll()
#2 C:\xampp\htdocs\blog-chat\framework\db\ar\CActiveRecord.php(1406): CActiveRecord->query(Object(CDbCriteria), true)
#3 C:\xampp\htdocs\blog-chat\protected\modules\chat\controllers\AdminController.php(207): CActiveRecord->findAll(Array)
#4 C:\xampp\htdocs\blog-chat\framework\web\actions\CInlineAction.php(50): AdminController->actionGetMessages()
#5 C:\xampp\htdocs\blog-chat\framework\web\CController.php(309): CInlineAction->runWithParams(Array)
#6 C:\xampp\htdocs\blog-chat\framework\web\filters\CFilterChain.php(134): CController->runAction(Object(CInlineAction))
#7 C:\xampp\htdocs\blog-chat\framework\web\filters\CFilter.php(41): CFilterChain->run()
#8 C:\xampp\htdocs\blog-chat\framework\web\CController.php(1146): CFilter->filter(Object(CFilterChain))
#9 C:\xampp\htdocs\blog-chat\framework\web\filters\CInlineFilter.php(59): CController->filterAccessControl(Object(CFilterChain))
#10 C:\xampp\htdocs\blog-chat\framework\web\filters\CFilterChain.php(131): CInlineFilter->filter(Object(CFilterChain))
#11 C:\xampp\htdocs\blog-chat\framework\web\CController.php(292): CFilterChain->run()
#12 C:\xampp\htdocs\blog-chat\framework\web\CController.php(266): CController->runActionWithFilters(Object(CInlineAction), Array)
#13 C:\xampp\htdocs\blog-chat\framework\web\CWebApplication.php(276): CController->run('getMessages')
#14 C:\xampp\htdocs\blog-chat\framework\web\CWebApplication.php(135): CWebApplication->runController('chat/admin/getM...')
#15 C:\xampp\htdocs\blog-chat\framework\base\CApplication.php(162): CWebApplication->processRequest()
#16 C:\xampp\htdocs\blog-chat\index.php(11): CApplication->run()
#17 {main}
REQUEST_URI=/blog-chat/index.php/chat/admin/getMessages
HTTP_REFERER=http://localhost/blog-chat/index.php/post/index
---
2012/09/17 17:59:40 [error] [system.db.CDbCommand] CDbCommand::fetchAll() failed: SQLSTATE[42000]: Syntax error or access violation: 1064 You have an error in your SQL syntax; check the manual that corresponds to your MySQL server version for the right syntax to use near 'INC LIMIT 15' at line 1. The SQL statement executed was: SELECT * FROM `tbl_message` `t` ORDER BY id INC LIMIT 15.
2012/09/17 17:59:40 [error] [exception.CDbException] exception 'CDbException' with message 'CDbCommand failed to execute the SQL statement: SQLSTATE[42000]: Syntax error or access violation: 1064 You have an error in your SQL syntax; check the manual that corresponds to your MySQL server version for the right syntax to use near 'INC LIMIT 15' at line 1' in C:\xampp\htdocs\blog-chat\framework\db\CDbCommand.php:528
Stack trace:
#0 C:\xampp\htdocs\blog-chat\framework\db\CDbCommand.php(390): CDbCommand->queryInternal('fetchAll', Array, Array)
#1 C:\xampp\htdocs\blog-chat\framework\db\ar\CActiveRecord.php(1287): CDbCommand->queryAll()
#2 C:\xampp\htdocs\blog-chat\framework\db\ar\CActiveRecord.php(1406): CActiveRecord->query(Object(CDbCriteria), true)
#3 C:\xampp\htdocs\blog-chat\protected\modules\chat\controllers\AdminController.php(207): CActiveRecord->findAll(Array)
#4 C:\xampp\htdocs\blog-chat\framework\web\actions\CInlineAction.php(50): AdminController->actionGetMessages()
#5 C:\xampp\htdocs\blog-chat\framework\web\CController.php(309): CInlineAction->runWithParams(Array)
#6 C:\xampp\htdocs\blog-chat\framework\web\filters\CFilterChain.php(134): CController->runAction(Object(CInlineAction))
#7 C:\xampp\htdocs\blog-chat\framework\web\filters\CFilter.php(41): CFilterChain->run()
#8 C:\xampp\htdocs\blog-chat\framework\web\CController.php(1146): CFilter->filter(Object(CFilterChain))
#9 C:\xampp\htdocs\blog-chat\framework\web\filters\CInlineFilter.php(59): CController->filterAccessControl(Object(CFilterChain))
#10 C:\xampp\htdocs\blog-chat\framework\web\filters\CFilterChain.php(131): CInlineFilter->filter(Object(CFilterChain))
#11 C:\xampp\htdocs\blog-chat\framework\web\CController.php(292): CFilterChain->run()
#12 C:\xampp\htdocs\blog-chat\framework\web\CController.php(266): CController->runActionWithFilters(Object(CInlineAction), Array)
#13 C:\xampp\htdocs\blog-chat\framework\web\CWebApplication.php(276): CController->run('getMessages')
#14 C:\xampp\htdocs\blog-chat\framework\web\CWebApplication.php(135): CWebApplication->runController('chat/admin/getM...')
#15 C:\xampp\htdocs\blog-chat\framework\base\CApplication.php(162): CWebApplication->processRequest()
#16 C:\xampp\htdocs\blog-chat\index.php(11): CApplication->run()
#17 {main}
REQUEST_URI=/blog-chat/index.php/chat/admin/getMessages
HTTP_REFERER=http://localhost/blog-chat/index.php/post/index
---
2012/09/17 17:59:45 [error] [system.db.CDbCommand] CDbCommand::fetchAll() failed: SQLSTATE[42000]: Syntax error or access violation: 1064 You have an error in your SQL syntax; check the manual that corresponds to your MySQL server version for the right syntax to use near 'INC LIMIT 15' at line 1. The SQL statement executed was: SELECT * FROM `tbl_message` `t` ORDER BY id INC LIMIT 15.
2012/09/17 17:59:45 [error] [exception.CDbException] exception 'CDbException' with message 'CDbCommand failed to execute the SQL statement: SQLSTATE[42000]: Syntax error or access violation: 1064 You have an error in your SQL syntax; check the manual that corresponds to your MySQL server version for the right syntax to use near 'INC LIMIT 15' at line 1' in C:\xampp\htdocs\blog-chat\framework\db\CDbCommand.php:528
Stack trace:
#0 C:\xampp\htdocs\blog-chat\framework\db\CDbCommand.php(390): CDbCommand->queryInternal('fetchAll', Array, Array)
#1 C:\xampp\htdocs\blog-chat\framework\db\ar\CActiveRecord.php(1287): CDbCommand->queryAll()
#2 C:\xampp\htdocs\blog-chat\framework\db\ar\CActiveRecord.php(1406): CActiveRecord->query(Object(CDbCriteria), true)
#3 C:\xampp\htdocs\blog-chat\protected\modules\chat\controllers\AdminController.php(207): CActiveRecord->findAll(Array)
#4 C:\xampp\htdocs\blog-chat\framework\web\actions\CInlineAction.php(50): AdminController->actionGetMessages()
#5 C:\xampp\htdocs\blog-chat\framework\web\CController.php(309): CInlineAction->runWithParams(Array)
#6 C:\xampp\htdocs\blog-chat\framework\web\filters\CFilterChain.php(134): CController->runAction(Object(CInlineAction))
#7 C:\xampp\htdocs\blog-chat\framework\web\filters\CFilter.php(41): CFilterChain->run()
#8 C:\xampp\htdocs\blog-chat\framework\web\CController.php(1146): CFilter->filter(Object(CFilterChain))
#9 C:\xampp\htdocs\blog-chat\framework\web\filters\CInlineFilter.php(59): CController->filterAccessControl(Object(CFilterChain))
#10 C:\xampp\htdocs\blog-chat\framework\web\filters\CFilterChain.php(131): CInlineFilter->filter(Object(CFilterChain))
#11 C:\xampp\htdocs\blog-chat\framework\web\CController.php(292): CFilterChain->run()
#12 C:\xampp\htdocs\blog-chat\framework\web\CController.php(266): CController->runActionWithFilters(Object(CInlineAction), Array)
#13 C:\xampp\htdocs\blog-chat\framework\web\CWebApplication.php(276): CController->run('getMessages')
#14 C:\xampp\htdocs\blog-chat\framework\web\CWebApplication.php(135): CWebApplication->runController('chat/admin/getM...')
#15 C:\xampp\htdocs\blog-chat\framework\base\CApplication.php(162): CWebApplication->processRequest()
#16 C:\xampp\htdocs\blog-chat\index.php(11): CApplication->run()
#17 {main}
REQUEST_URI=/blog-chat/index.php/chat/admin/getMessages
HTTP_REFERER=http://localhost/blog-chat/index.php/post/index
---
2012/09/17 17:59:50 [error] [system.db.CDbCommand] CDbCommand::fetchAll() failed: SQLSTATE[42000]: Syntax error or access violation: 1064 You have an error in your SQL syntax; check the manual that corresponds to your MySQL server version for the right syntax to use near 'INC LIMIT 15' at line 1. The SQL statement executed was: SELECT * FROM `tbl_message` `t` ORDER BY id INC LIMIT 15.
2012/09/17 17:59:50 [error] [exception.CDbException] exception 'CDbException' with message 'CDbCommand failed to execute the SQL statement: SQLSTATE[42000]: Syntax error or access violation: 1064 You have an error in your SQL syntax; check the manual that corresponds to your MySQL server version for the right syntax to use near 'INC LIMIT 15' at line 1' in C:\xampp\htdocs\blog-chat\framework\db\CDbCommand.php:528
Stack trace:
#0 C:\xampp\htdocs\blog-chat\framework\db\CDbCommand.php(390): CDbCommand->queryInternal('fetchAll', Array, Array)
#1 C:\xampp\htdocs\blog-chat\framework\db\ar\CActiveRecord.php(1287): CDbCommand->queryAll()
#2 C:\xampp\htdocs\blog-chat\framework\db\ar\CActiveRecord.php(1406): CActiveRecord->query(Object(CDbCriteria), true)
#3 C:\xampp\htdocs\blog-chat\protected\modules\chat\controllers\AdminController.php(207): CActiveRecord->findAll(Array)
#4 C:\xampp\htdocs\blog-chat\framework\web\actions\CInlineAction.php(50): AdminController->actionGetMessages()
#5 C:\xampp\htdocs\blog-chat\framework\web\CController.php(309): CInlineAction->runWithParams(Array)
#6 C:\xampp\htdocs\blog-chat\framework\web\filters\CFilterChain.php(134): CController->runAction(Object(CInlineAction))
#7 C:\xampp\htdocs\blog-chat\framework\web\filters\CFilter.php(41): CFilterChain->run()
#8 C:\xampp\htdocs\blog-chat\framework\web\CController.php(1146): CFilter->filter(Object(CFilterChain))
#9 C:\xampp\htdocs\blog-chat\framework\web\filters\CInlineFilter.php(59): CController->filterAccessControl(Object(CFilterChain))
#10 C:\xampp\htdocs\blog-chat\framework\web\filters\CFilterChain.php(131): CInlineFilter->filter(Object(CFilterChain))
#11 C:\xampp\htdocs\blog-chat\framework\web\CController.php(292): CFilterChain->run()
#12 C:\xampp\htdocs\blog-chat\framework\web\CController.php(266): CController->runActionWithFilters(Object(CInlineAction), Array)
#13 C:\xampp\htdocs\blog-chat\framework\web\CWebApplication.php(276): CController->run('getMessages')
#14 C:\xampp\htdocs\blog-chat\framework\web\CWebApplication.php(135): CWebApplication->runController('chat/admin/getM...')
#15 C:\xampp\htdocs\blog-chat\framework\base\CApplication.php(162): CWebApplication->processRequest()
#16 C:\xampp\htdocs\blog-chat\index.php(11): CApplication->run()
#17 {main}
REQUEST_URI=/blog-chat/index.php/chat/admin/getMessages
HTTP_REFERER=http://localhost/blog-chat/index.php/post/index
---
2012/09/17 17:59:55 [error] [system.db.CDbCommand] CDbCommand::fetchAll() failed: SQLSTATE[42000]: Syntax error or access violation: 1064 You have an error in your SQL syntax; check the manual that corresponds to your MySQL server version for the right syntax to use near 'INC LIMIT 15' at line 1. The SQL statement executed was: SELECT * FROM `tbl_message` `t` ORDER BY id INC LIMIT 15.
2012/09/17 17:59:55 [error] [exception.CDbException] exception 'CDbException' with message 'CDbCommand failed to execute the SQL statement: SQLSTATE[42000]: Syntax error or access violation: 1064 You have an error in your SQL syntax; check the manual that corresponds to your MySQL server version for the right syntax to use near 'INC LIMIT 15' at line 1' in C:\xampp\htdocs\blog-chat\framework\db\CDbCommand.php:528
Stack trace:
#0 C:\xampp\htdocs\blog-chat\framework\db\CDbCommand.php(390): CDbCommand->queryInternal('fetchAll', Array, Array)
#1 C:\xampp\htdocs\blog-chat\framework\db\ar\CActiveRecord.php(1287): CDbCommand->queryAll()
#2 C:\xampp\htdocs\blog-chat\framework\db\ar\CActiveRecord.php(1406): CActiveRecord->query(Object(CDbCriteria), true)
#3 C:\xampp\htdocs\blog-chat\protected\modules\chat\controllers\AdminController.php(207): CActiveRecord->findAll(Array)
#4 C:\xampp\htdocs\blog-chat\framework\web\actions\CInlineAction.php(50): AdminController->actionGetMessages()
#5 C:\xampp\htdocs\blog-chat\framework\web\CController.php(309): CInlineAction->runWithParams(Array)
#6 C:\xampp\htdocs\blog-chat\framework\web\filters\CFilterChain.php(134): CController->runAction(Object(CInlineAction))
#7 C:\xampp\htdocs\blog-chat\framework\web\filters\CFilter.php(41): CFilterChain->run()
#8 C:\xampp\htdocs\blog-chat\framework\web\CController.php(1146): CFilter->filter(Object(CFilterChain))
#9 C:\xampp\htdocs\blog-chat\framework\web\filters\CInlineFilter.php(59): CController->filterAccessControl(Object(CFilterChain))
#10 C:\xampp\htdocs\blog-chat\framework\web\filters\CFilterChain.php(131): CInlineFilter->filter(Object(CFilterChain))
#11 C:\xampp\htdocs\blog-chat\framework\web\CController.php(292): CFilterChain->run()
#12 C:\xampp\htdocs\blog-chat\framework\web\CController.php(266): CController->runActionWithFilters(Object(CInlineAction), Array)
#13 C:\xampp\htdocs\blog-chat\framework\web\CWebApplication.php(276): CController->run('getMessages')
#14 C:\xampp\htdocs\blog-chat\framework\web\CWebApplication.php(135): CWebApplication->runController('chat/admin/getM...')
#15 C:\xampp\htdocs\blog-chat\framework\base\CApplication.php(162): CWebApplication->processRequest()
#16 C:\xampp\htdocs\blog-chat\index.php(11): CApplication->run()
#17 {main}
REQUEST_URI=/blog-chat/index.php/chat/admin/getMessages
HTTP_REFERER=http://localhost/blog-chat/index.php/post/index
---
2012/09/17 18:00:00 [error] [system.db.CDbCommand] CDbCommand::fetchAll() failed: SQLSTATE[42000]: Syntax error or access violation: 1064 You have an error in your SQL syntax; check the manual that corresponds to your MySQL server version for the right syntax to use near 'INC LIMIT 15' at line 1. The SQL statement executed was: SELECT * FROM `tbl_message` `t` ORDER BY id INC LIMIT 15.
2012/09/17 18:00:00 [error] [exception.CDbException] exception 'CDbException' with message 'CDbCommand failed to execute the SQL statement: SQLSTATE[42000]: Syntax error or access violation: 1064 You have an error in your SQL syntax; check the manual that corresponds to your MySQL server version for the right syntax to use near 'INC LIMIT 15' at line 1' in C:\xampp\htdocs\blog-chat\framework\db\CDbCommand.php:528
Stack trace:
#0 C:\xampp\htdocs\blog-chat\framework\db\CDbCommand.php(390): CDbCommand->queryInternal('fetchAll', Array, Array)
#1 C:\xampp\htdocs\blog-chat\framework\db\ar\CActiveRecord.php(1287): CDbCommand->queryAll()
#2 C:\xampp\htdocs\blog-chat\framework\db\ar\CActiveRecord.php(1406): CActiveRecord->query(Object(CDbCriteria), true)
#3 C:\xampp\htdocs\blog-chat\protected\modules\chat\controllers\AdminController.php(207): CActiveRecord->findAll(Array)
#4 C:\xampp\htdocs\blog-chat\framework\web\actions\CInlineAction.php(50): AdminController->actionGetMessages()
#5 C:\xampp\htdocs\blog-chat\framework\web\CController.php(309): CInlineAction->runWithParams(Array)
#6 C:\xampp\htdocs\blog-chat\framework\web\filters\CFilterChain.php(134): CController->runAction(Object(CInlineAction))
#7 C:\xampp\htdocs\blog-chat\framework\web\filters\CFilter.php(41): CFilterChain->run()
#8 C:\xampp\htdocs\blog-chat\framework\web\CController.php(1146): CFilter->filter(Object(CFilterChain))
#9 C:\xampp\htdocs\blog-chat\framework\web\filters\CInlineFilter.php(59): CController->filterAccessControl(Object(CFilterChain))
#10 C:\xampp\htdocs\blog-chat\framework\web\filters\CFilterChain.php(131): CInlineFilter->filter(Object(CFilterChain))
#11 C:\xampp\htdocs\blog-chat\framework\web\CController.php(292): CFilterChain->run()
#12 C:\xampp\htdocs\blog-chat\framework\web\CController.php(266): CController->runActionWithFilters(Object(CInlineAction), Array)
#13 C:\xampp\htdocs\blog-chat\framework\web\CWebApplication.php(276): CController->run('getMessages')
#14 C:\xampp\htdocs\blog-chat\framework\web\CWebApplication.php(135): CWebApplication->runController('chat/admin/getM...')
#15 C:\xampp\htdocs\blog-chat\framework\base\CApplication.php(162): CWebApplication->processRequest()
#16 C:\xampp\htdocs\blog-chat\index.php(11): CApplication->run()
#17 {main}
REQUEST_URI=/blog-chat/index.php/chat/admin/getMessages
HTTP_REFERER=http://localhost/blog-chat/index.php/post/index
---
2012/09/17 18:00:05 [error] [system.db.CDbCommand] CDbCommand::fetchAll() failed: SQLSTATE[42000]: Syntax error or access violation: 1064 You have an error in your SQL syntax; check the manual that corresponds to your MySQL server version for the right syntax to use near 'INC LIMIT 15' at line 1. The SQL statement executed was: SELECT * FROM `tbl_message` `t` ORDER BY id INC LIMIT 15.
2012/09/17 18:00:05 [error] [exception.CDbException] exception 'CDbException' with message 'CDbCommand failed to execute the SQL statement: SQLSTATE[42000]: Syntax error or access violation: 1064 You have an error in your SQL syntax; check the manual that corresponds to your MySQL server version for the right syntax to use near 'INC LIMIT 15' at line 1' in C:\xampp\htdocs\blog-chat\framework\db\CDbCommand.php:528
Stack trace:
#0 C:\xampp\htdocs\blog-chat\framework\db\CDbCommand.php(390): CDbCommand->queryInternal('fetchAll', Array, Array)
#1 C:\xampp\htdocs\blog-chat\framework\db\ar\CActiveRecord.php(1287): CDbCommand->queryAll()
#2 C:\xampp\htdocs\blog-chat\framework\db\ar\CActiveRecord.php(1406): CActiveRecord->query(Object(CDbCriteria), true)
#3 C:\xampp\htdocs\blog-chat\protected\modules\chat\controllers\AdminController.php(207): CActiveRecord->findAll(Array)
#4 C:\xampp\htdocs\blog-chat\framework\web\actions\CInlineAction.php(50): AdminController->actionGetMessages()
#5 C:\xampp\htdocs\blog-chat\framework\web\CController.php(309): CInlineAction->runWithParams(Array)
#6 C:\xampp\htdocs\blog-chat\framework\web\filters\CFilterChain.php(134): CController->runAction(Object(CInlineAction))
#7 C:\xampp\htdocs\blog-chat\framework\web\filters\CFilter.php(41): CFilterChain->run()
#8 C:\xampp\htdocs\blog-chat\framework\web\CController.php(1146): CFilter->filter(Object(CFilterChain))
#9 C:\xampp\htdocs\blog-chat\framework\web\filters\CInlineFilter.php(59): CController->filterAccessControl(Object(CFilterChain))
#10 C:\xampp\htdocs\blog-chat\framework\web\filters\CFilterChain.php(131): CInlineFilter->filter(Object(CFilterChain))
#11 C:\xampp\htdocs\blog-chat\framework\web\CController.php(292): CFilterChain->run()
#12 C:\xampp\htdocs\blog-chat\framework\web\CController.php(266): CController->runActionWithFilters(Object(CInlineAction), Array)
#13 C:\xampp\htdocs\blog-chat\framework\web\CWebApplication.php(276): CController->run('getMessages')
#14 C:\xampp\htdocs\blog-chat\framework\web\CWebApplication.php(135): CWebApplication->runController('chat/admin/getM...')
#15 C:\xampp\htdocs\blog-chat\framework\base\CApplication.php(162): CWebApplication->processRequest()
#16 C:\xampp\htdocs\blog-chat\index.php(11): CApplication->run()
#17 {main}
REQUEST_URI=/blog-chat/index.php/chat/admin/getMessages
HTTP_REFERER=http://localhost/blog-chat/index.php/post/index
---
2012/09/17 18:00:10 [error] [system.db.CDbCommand] CDbCommand::fetchAll() failed: SQLSTATE[42000]: Syntax error or access violation: 1064 You have an error in your SQL syntax; check the manual that corresponds to your MySQL server version for the right syntax to use near 'INC LIMIT 15' at line 1. The SQL statement executed was: SELECT * FROM `tbl_message` `t` ORDER BY id INC LIMIT 15.
2012/09/17 18:00:10 [error] [exception.CDbException] exception 'CDbException' with message 'CDbCommand failed to execute the SQL statement: SQLSTATE[42000]: Syntax error or access violation: 1064 You have an error in your SQL syntax; check the manual that corresponds to your MySQL server version for the right syntax to use near 'INC LIMIT 15' at line 1' in C:\xampp\htdocs\blog-chat\framework\db\CDbCommand.php:528
Stack trace:
#0 C:\xampp\htdocs\blog-chat\framework\db\CDbCommand.php(390): CDbCommand->queryInternal('fetchAll', Array, Array)
#1 C:\xampp\htdocs\blog-chat\framework\db\ar\CActiveRecord.php(1287): CDbCommand->queryAll()
#2 C:\xampp\htdocs\blog-chat\framework\db\ar\CActiveRecord.php(1406): CActiveRecord->query(Object(CDbCriteria), true)
#3 C:\xampp\htdocs\blog-chat\protected\modules\chat\controllers\AdminController.php(207): CActiveRecord->findAll(Array)
#4 C:\xampp\htdocs\blog-chat\framework\web\actions\CInlineAction.php(50): AdminController->actionGetMessages()
#5 C:\xampp\htdocs\blog-chat\framework\web\CController.php(309): CInlineAction->runWithParams(Array)
#6 C:\xampp\htdocs\blog-chat\framework\web\filters\CFilterChain.php(134): CController->runAction(Object(CInlineAction))
#7 C:\xampp\htdocs\blog-chat\framework\web\filters\CFilter.php(41): CFilterChain->run()
#8 C:\xampp\htdocs\blog-chat\framework\web\CController.php(1146): CFilter->filter(Object(CFilterChain))
#9 C:\xampp\htdocs\blog-chat\framework\web\filters\CInlineFilter.php(59): CController->filterAccessControl(Object(CFilterChain))
#10 C:\xampp\htdocs\blog-chat\framework\web\filters\CFilterChain.php(131): CInlineFilter->filter(Object(CFilterChain))
#11 C:\xampp\htdocs\blog-chat\framework\web\CController.php(292): CFilterChain->run()
#12 C:\xampp\htdocs\blog-chat\framework\web\CController.php(266): CController->runActionWithFilters(Object(CInlineAction), Array)
#13 C:\xampp\htdocs\blog-chat\framework\web\CWebApplication.php(276): CController->run('getMessages')
#14 C:\xampp\htdocs\blog-chat\framework\web\CWebApplication.php(135): CWebApplication->runController('chat/admin/getM...')
#15 C:\xampp\htdocs\blog-chat\framework\base\CApplication.php(162): CWebApplication->processRequest()
#16 C:\xampp\htdocs\blog-chat\index.php(11): CApplication->run()
#17 {main}
REQUEST_URI=/blog-chat/index.php/chat/admin/getMessages
HTTP_REFERER=http://localhost/blog-chat/index.php/post/index
---
2012/09/17 18:00:15 [error] [system.db.CDbCommand] CDbCommand::fetchAll() failed: SQLSTATE[42000]: Syntax error or access violation: 1064 You have an error in your SQL syntax; check the manual that corresponds to your MySQL server version for the right syntax to use near 'INC LIMIT 15' at line 1. The SQL statement executed was: SELECT * FROM `tbl_message` `t` ORDER BY id INC LIMIT 15.
2012/09/17 18:00:15 [error] [exception.CDbException] exception 'CDbException' with message 'CDbCommand failed to execute the SQL statement: SQLSTATE[42000]: Syntax error or access violation: 1064 You have an error in your SQL syntax; check the manual that corresponds to your MySQL server version for the right syntax to use near 'INC LIMIT 15' at line 1' in C:\xampp\htdocs\blog-chat\framework\db\CDbCommand.php:528
Stack trace:
#0 C:\xampp\htdocs\blog-chat\framework\db\CDbCommand.php(390): CDbCommand->queryInternal('fetchAll', Array, Array)
#1 C:\xampp\htdocs\blog-chat\framework\db\ar\CActiveRecord.php(1287): CDbCommand->queryAll()
#2 C:\xampp\htdocs\blog-chat\framework\db\ar\CActiveRecord.php(1406): CActiveRecord->query(Object(CDbCriteria), true)
#3 C:\xampp\htdocs\blog-chat\protected\modules\chat\controllers\AdminController.php(207): CActiveRecord->findAll(Array)
#4 C:\xampp\htdocs\blog-chat\framework\web\actions\CInlineAction.php(50): AdminController->actionGetMessages()
#5 C:\xampp\htdocs\blog-chat\framework\web\CController.php(309): CInlineAction->runWithParams(Array)
#6 C:\xampp\htdocs\blog-chat\framework\web\filters\CFilterChain.php(134): CController->runAction(Object(CInlineAction))
#7 C:\xampp\htdocs\blog-chat\framework\web\filters\CFilter.php(41): CFilterChain->run()
#8 C:\xampp\htdocs\blog-chat\framework\web\CController.php(1146): CFilter->filter(Object(CFilterChain))
#9 C:\xampp\htdocs\blog-chat\framework\web\filters\CInlineFilter.php(59): CController->filterAccessControl(Object(CFilterChain))
#10 C:\xampp\htdocs\blog-chat\framework\web\filters\CFilterChain.php(131): CInlineFilter->filter(Object(CFilterChain))
#11 C:\xampp\htdocs\blog-chat\framework\web\CController.php(292): CFilterChain->run()
#12 C:\xampp\htdocs\blog-chat\framework\web\CController.php(266): CController->runActionWithFilters(Object(CInlineAction), Array)
#13 C:\xampp\htdocs\blog-chat\framework\web\CWebApplication.php(276): CController->run('getMessages')
#14 C:\xampp\htdocs\blog-chat\framework\web\CWebApplication.php(135): CWebApplication->runController('chat/admin/getM...')
#15 C:\xampp\htdocs\blog-chat\framework\base\CApplication.php(162): CWebApplication->processRequest()
#16 C:\xampp\htdocs\blog-chat\index.php(11): CApplication->run()
#17 {main}
REQUEST_URI=/blog-chat/index.php/chat/admin/getMessages
HTTP_REFERER=http://localhost/blog-chat/index.php/post/index
---
2012/09/17 18:28:07 [error] [exception.CException] exception 'CException' with message 'The asset "C:\xampp\htdocs\blog-chat\protected\modules\chat\components\view\assets" to be published does not exist.' in C:\xampp\htdocs\blog-chat\framework\web\CAssetManager.php:239
Stack trace:
#0 C:\xampp\htdocs\blog-chat\protected\modules\chat\components\views\chat.php(19): CAssetManager->publish('C:\xampp\htdocs...')
#1 C:\xampp\htdocs\blog-chat\framework\web\CBaseController.php(131): require('C:\xampp\htdocs...')
#2 C:\xampp\htdocs\blog-chat\framework\web\CBaseController.php(96): CBaseController->renderInternal('C:\xampp\htdocs...', NULL, false)
#3 C:\xampp\htdocs\blog-chat\framework\web\widgets\CWidget.php(244): CBaseController->renderFile('C:\xampp\htdocs...', NULL, false)
#4 C:\xampp\htdocs\blog-chat\protected\modules\chat\components\PopupChat.php(7): CWidget->render('chat')
#5 C:\xampp\htdocs\blog-chat\framework\web\CBaseController.php(174): PopupChat->run()
#6 C:\xampp\htdocs\blog-chat\protected\views\layouts\column2.php(21): CBaseController->widget('application.mod...')
#7 C:\xampp\htdocs\blog-chat\framework\web\CBaseController.php(127): require('C:\xampp\htdocs...')
#8 C:\xampp\htdocs\blog-chat\framework\web\CBaseController.php(96): CBaseController->renderInternal('C:\xampp\htdocs...', Array, true)
#9 C:\xampp\htdocs\blog-chat\framework\web\CController.php(785): CBaseController->renderFile('C:\xampp\htdocs...', Array, true)
#10 C:\xampp\htdocs\blog-chat\protected\controllers\PostController.php(136): CController->render('index', Array)
#11 C:\xampp\htdocs\blog-chat\framework\web\actions\CInlineAction.php(50): PostController->actionIndex()
#12 C:\xampp\htdocs\blog-chat\framework\web\CController.php(309): CInlineAction->runWithParams(Array)
#13 C:\xampp\htdocs\blog-chat\framework\web\filters\CFilterChain.php(134): CController->runAction(Object(CInlineAction))
#14 C:\xampp\htdocs\blog-chat\framework\web\filters\CFilter.php(41): CFilterChain->run()
#15 C:\xampp\htdocs\blog-chat\framework\web\CController.php(1146): CFilter->filter(Object(CFilterChain))
#16 C:\xampp\htdocs\blog-chat\framework\web\filters\CInlineFilter.php(59): CController->filterAccessControl(Object(CFilterChain))
#17 C:\xampp\htdocs\blog-chat\framework\web\filters\CFilterChain.php(131): CInlineFilter->filter(Object(CFilterChain))
#18 C:\xampp\htdocs\blog-chat\framework\web\CController.php(292): CFilterChain->run()
#19 C:\xampp\htdocs\blog-chat\framework\web\CController.php(266): CController->runActionWithFilters(Object(CInlineAction), Array)
#20 C:\xampp\htdocs\blog-chat\framework\web\CWebApplication.php(276): CController->run('index')
#21 C:\xampp\htdocs\blog-chat\framework\web\CWebApplication.php(135): CWebApplication->runController('post/index')
#22 C:\xampp\htdocs\blog-chat\framework\base\CApplication.php(162): CWebApplication->processRequest()
#23 C:\xampp\htdocs\blog-chat\index.php(11): CApplication->run()
#24 {main}
REQUEST_URI=/blog-chat/index.php/post/index
HTTP_REFERER=http://localhost/blog-chat/?Message%5Bcontent%5D=2342342
---
2012/09/17 18:28:32 [error] [exception.CException] exception 'CException' with message 'The asset "C:\xampp\htdocs\blog-chat\protected\modules\chat\components\view\assets" to be published does not exist.' in C:\xampp\htdocs\blog-chat\framework\web\CAssetManager.php:239
Stack trace:
#0 C:\xampp\htdocs\blog-chat\protected\modules\chat\components\views\chat.php(19): CAssetManager->publish('C:\xampp\htdocs...')
#1 C:\xampp\htdocs\blog-chat\framework\web\CBaseController.php(131): require('C:\xampp\htdocs...')
#2 C:\xampp\htdocs\blog-chat\framework\web\CBaseController.php(96): CBaseController->renderInternal('C:\xampp\htdocs...', NULL, false)
#3 C:\xampp\htdocs\blog-chat\framework\web\widgets\CWidget.php(244): CBaseController->renderFile('C:\xampp\htdocs...', NULL, false)
#4 C:\xampp\htdocs\blog-chat\protected\modules\chat\components\PopupChat.php(7): CWidget->render('chat')
#5 C:\xampp\htdocs\blog-chat\framework\web\CBaseController.php(174): PopupChat->run()
#6 C:\xampp\htdocs\blog-chat\protected\views\layouts\column2.php(21): CBaseController->widget('application.mod...')
#7 C:\xampp\htdocs\blog-chat\framework\web\CBaseController.php(127): require('C:\xampp\htdocs...')
#8 C:\xampp\htdocs\blog-chat\framework\web\CBaseController.php(96): CBaseController->renderInternal('C:\xampp\htdocs...', Array, true)
#9 C:\xampp\htdocs\blog-chat\framework\web\CController.php(785): CBaseController->renderFile('C:\xampp\htdocs...', Array, true)
#10 C:\xampp\htdocs\blog-chat\protected\controllers\PostController.php(136): CController->render('index', Array)
#11 C:\xampp\htdocs\blog-chat\framework\web\actions\CInlineAction.php(50): PostController->actionIndex()
#12 C:\xampp\htdocs\blog-chat\framework\web\CController.php(309): CInlineAction->runWithParams(Array)
#13 C:\xampp\htdocs\blog-chat\framework\web\filters\CFilterChain.php(134): CController->runAction(Object(CInlineAction))
#14 C:\xampp\htdocs\blog-chat\framework\web\filters\CFilter.php(41): CFilterChain->run()
#15 C:\xampp\htdocs\blog-chat\framework\web\CController.php(1146): CFilter->filter(Object(CFilterChain))
#16 C:\xampp\htdocs\blog-chat\framework\web\filters\CInlineFilter.php(59): CController->filterAccessControl(Object(CFilterChain))
#17 C:\xampp\htdocs\blog-chat\framework\web\filters\CFilterChain.php(131): CInlineFilter->filter(Object(CFilterChain))
#18 C:\xampp\htdocs\blog-chat\framework\web\CController.php(292): CFilterChain->run()
#19 C:\xampp\htdocs\blog-chat\framework\web\CController.php(266): CController->runActionWithFilters(Object(CInlineAction), Array)
#20 C:\xampp\htdocs\blog-chat\framework\web\CWebApplication.php(276): CController->run('index')
#21 C:\xampp\htdocs\blog-chat\framework\web\CWebApplication.php(135): CWebApplication->runController('post/index')
#22 C:\xampp\htdocs\blog-chat\framework\base\CApplication.php(162): CWebApplication->processRequest()
#23 C:\xampp\htdocs\blog-chat\index.php(11): CApplication->run()
#24 {main}
REQUEST_URI=/blog-chat/index.php/post/index
HTTP_REFERER=http://localhost/blog-chat/?Message%5Bcontent%5D=2342342
---
